This is pdfeTeX, Version 3.141592-1.21a-2.2 (Web2C 7.5.4) (format=pdflatex 2006.8.30)  7 JAN 2007 09:21
entering extended mode
**teitelbaum.tex
(./teitelbaum.tex
LaTeX2e <2003/12/01>
Babel <v3.8d> and hyphenation patterns for american, french, german, ngerman, b
ahasa, basque, bulgarian, catalan, croatian, czech, danish, dutch, esperanto, e
stonian, finnish, greek, icelandic, irish, italian, latin, magyar, norsk, polis
h, portuges, romanian, russian, serbian, slovak, slovene, spanish, swedish, tur
kish, ukrainian, nohyphenation, loaded.
(/sw/share/texmf-dist/tex/latex/base/article.cls
Document Class: article 2004/02/16 v1.4f Standard LaTeX document class
(/sw/share/texmf-dist/tex/latex/base/size10.clo
File: size10.clo 2004/02/16 v1.4f Standard LaTeX file (size option)
)
\c@part=\count79
\c@section=\count80
\c@subsection=\count81
\c@subsubsection=\count82
\c@paragraph=\count83
\c@subparagraph=\count84
\c@figure=\count85
\c@table=\count86
\abovecaptionskip=\skip41
\belowcaptionskip=\skip42
\bibindent=\dimen102
) (./teitelbaum.aux)
\openout1 = `teitelbaum.aux'.

LaTeX Font Info:    Checking defaults for OML/cmm/m/it on input line 34.
LaTeX Font Info:    ... okay on input line 34.
LaTeX Font Info:    Checking defaults for T1/cmr/m/n on input line 34.
LaTeX Font Info:    ... okay on input line 34.
LaTeX Font Info:    Checking defaults for OT1/cmr/m/n on input line 34.
LaTeX Font Info:    ... okay on input line 34.
LaTeX Font Info:    Checking defaults for OMS/cmsy/m/n on input line 34.
LaTeX Font Info:    ... okay on input line 34.
LaTeX Font Info:    Checking defaults for OMX/cmex/m/n on input line 34.
LaTeX Font Info:    ... okay on input line 34.
LaTeX Font Info:    Checking defaults for U/cmr/m/n on input line 34.
LaTeX Font Info:    ... okay on input line 34.
LaTeX Font Info:    External font `cmex10' loaded for size
(Font)              <14.4> on input line 36.
LaTeX Font Info:    External font `cmex10' loaded for size
(Font)              <7> on input line 36.
LaTeX Font Info:    External font `cmex10' loaded for size
(Font)              <5> on input line 42.
 [1

{/sw/var/lib/texmf/fonts/map/pdftex/updmap/pdftex.map}] [2] [3] (./teitelbaum.a
ux) ) 
Here is how much of TeX's memory you used:
 247 strings out of 94500
 2460 string characters out of 1176114
 51348 words of memory out of 1000000
 3494 multiletter control sequences out of 10000+50000
 6133 words of font info for 22 fonts, out of 500000 for 2000
 580 hyphenation exceptions out of 1000
 23i,4n,17p,149b,141s stack positions out of 1500i,500n,5000p,200000b,5000s
PDF statistics:
 46 PDF objects out of 300000
 0 named destinations out of 131072
 1 words of extra memory for PDF output out of 65536
</sw/share/texmf-dist/fonts/type1/bluesky/cm/cmbx7.pfb></sw/share/texmf-di
st/fonts/type1/bluesky/cm/cmsy7.pfb></sw/share/texmf-dist/fonts/type1/bluesky/c
m/cmti10.pfb></sw/share/texmf-dist/fonts/type1/bluesky/cm/cmmi7.pfb></sw/share/
texmf-dist/fonts/type1/bluesky/cm/cmbx12.pfb></sw/share/texmf-dist/fonts/type1/
bluesky/cm/cmr7.pfb></sw/share/texmf-dist/fonts/type1/bluesky/cm/cmbx10.pfb></s
w/share/texmf-dist/fonts/type1/bluesky/cm/cmsy10.pfb></sw/share/texmf-dist/font
s/type1/bluesky/cm/cmmi10.pfb></sw/share/texmf-dist/fonts/type1/bluesky/cm/cmr1
0.pfb></sw/share/texmf-dist/fonts/type1/bluesky/cm/cmmi12.pfb></sw/share/texmf-
dist/fonts/type1/bluesky/cm/cmr12.pfb>
Output written on teitelbaum.pdf (3 pages, 72471 bytes).
