This is pdfTeX, Version 3.14159-1.00b-pretest-20020211 (Web2C 7.3.7x) (format=pdflatex 2002.11.3)  24 FEB 2003 15:18
**03PillayNotes1.tex
(./03PillayNotes1.tex{/usr/local/teTeX/share/texmf.local/pdftex/config/pdftex.c
fg}
LaTeX2e <2001/06/01>
Babel <v3.7h> and hyphenation patterns for american, french, german, ngerman, d
utch, nohyphenation, loaded.
(/usr/local/teTeX/share/texmf/tex/latex/base/latex209.def
File: latex209.def 1998/05/13 v0.52 Standard LaTeX file


          Entering LaTeX 2.09 COMPATIBILITY MODE
 *************************************************************
    !!WARNING!!    !!WARNING!!    !!WARNING!!    !!WARNING!!   
 
 This mode attempts to provide an emulation of the LaTeX 2.09
 author environment so that OLD documents can be successfully
 processed. It should NOT be used for NEW documents!
 
 New documents should use Standard LaTeX conventions and start
 with the \documentclass command.
 
 Compatibility mode is UNLIKELY TO WORK with LaTeX 2.09 style
 files that change any internal macros, especially not with
 those that change the FONT SELECTION or OUTPUT ROUTINES.
 
 Therefore such style files MUST BE UPDATED to use
          Current Standard LaTeX: LaTeX2e.
 If you suspect that you may be using such a style file, which
 is probably very, very old by now, then you should attempt to
 get it updated by sending a copy of this error message to the
 author of that file.
 *************************************************************

\footheight=\dimen102
\@maxsep=\dimen103
\@dblmaxsep=\dimen104
\@cla=\count79
\@clb=\count80
\mscount=\count81
(/usr/local/teTeX/share/texmf/tex/latex/base/tracefnt.sty
Package: tracefnt 1997/05/29 v3.0j Standard LaTeX package (font tracing)
\tracingfonts=\count82
LaTeX Info: Redefining \selectfont on input line 96.
)
\symbold=\mathgroup4
\symsans=\mathgroup5
\symtypewriter=\mathgroup6
\symitalic=\mathgroup7
\symsmallcaps=\mathgroup8
\symslanted=\mathgroup9
LaTeX Font Info:    Redeclaring math alphabet \mathbf on input line 288.
LaTeX Font Info:    Redeclaring math alphabet \mathsf on input line 289.
LaTeX Font Info:    Redeclaring math alphabet \mathtt on input line 290.
LaTeX Font Info:    Redeclaring math alphabet \mathit on input line 296.
LaTeX Info: Redefining \em on input line 306.

(/usr/local/teTeX/share/texmf/tex/latex/base/latexsym.sty
Package: latexsym 1998/08/17 v2.2e Standard LaTeX package (lasy symbols)
\symlasy=\mathgroup10
LaTeX Font Info:    Overwriting symbol font `lasy' in version `bold'
(Font)                  U/lasy/m/n --> U/lasy/b/n on input line 42.
)
LaTeX Font Info:    Redeclaring math delimiter \lgroup on input line 370.
LaTeX Font Info:    Redeclaring math delimiter \rgroup on input line 372.
LaTeX Font Info:    Redeclaring math delimiter \bracevert on input line 374.

(/usr/local/teTeX/share/texmf/tex/latex/config/latex209.cfg
File: latex209.cfg 2001/06/05 v1.0 teTeX customized LaTeX 2.09 compatibility mo
de setup
)
(/usr/local/teTeX/share/texmf/tex/latex/tools/rawfonts.sty
Package: rawfonts 1994/05/08 Low-level LaTeX 2.09 font compatibility

(/usr/local/teTeX/share/texmf/tex/latex/tools/somedefs.sty
Package: somedefs 1994/06/01 Toolkit for optional definitions
)
LaTeX Font Info:    Try loading font information for U+lasy on input line 44.

(/usr/local/teTeX/share/texmf/tex/latex/base/ulasy.fd
File: ulasy.fd 1998/08/17 v2.2e LaTeX symbol font definitions
)))
(/usr/local/teTeX/share/texmf/tex/latex/base/article.cls
Document Class: article 2001/04/21 v1.4e Standard LaTeX document class
(/usr/local/teTeX/share/texmf/tex/latex/base/size12.clo
File: size12.clo 2001/04/21 v1.4e Standard LaTeX file (size option)
)
\c@part=\count83
\c@section=\count84
\c@subsection=\count85
\c@subsubsection=\count86
\c@paragraph=\count87
\c@subparagraph=\count88
\c@figure=\count89
\c@table=\count90
\abovecaptionskip=\skip41
\belowcaptionskip=\skip42
Compatibility mode: definition of \rm ignored.
Compatibility mode: definition of \sf ignored.
Compatibility mode: definition of \tt ignored.
Compatibility mode: definition of \bf ignored.
Compatibility mode: definition of \it ignored.
Compatibility mode: definition of \sl ignored.
Compatibility mode: definition of \sc ignored.
LaTeX Info: Redefining \cal on input line 501.
LaTeX Info: Redefining \mit on input line 502.
\bibindent=\dimen105
)
\c@Theorem=\count91
 (./03PillayNotes1.aux)
\openout1 = `03PillayNotes1.aux'.

LaTeX Font Info:    Checking defaults for OML/cmm/m/it on input line 15.
LaTeX Font Info:    ... okay on input line 15.
LaTeX Font Info:    Checking defaults for T1/cmr/m/n on input line 15.
LaTeX Font Info:    ... okay on input line 15.
LaTeX Font Info:    Checking defaults for OT1/cmr/m/n on input line 15.
LaTeX Font Info:    ... okay on input line 15.
LaTeX Font Info:    Checking defaults for OMS/cmsy/m/n on input line 15.
LaTeX Font Info:    ... okay on input line 15.
LaTeX Font Info:    Checking defaults for OMX/cmex/m/n on input line 15.
LaTeX Font Info:    ... okay on input line 15.
LaTeX Font Info:    Checking defaults for U/cmr/m/n on input line 15.
LaTeX Font Info:    ... okay on input line 15.
LaTeX Font Info:    External font `cmex10' loaded for size
(Font)              <14.4> on input line 16.
LaTeX Font Info:    External font `cmex10' loaded for size
(Font)              <7> on input line 16.
LaTeX Font Info:    External font `cmex10' loaded for size
(Font)              <12> on input line 30.
LaTeX Font Info:    External font `cmex10' loaded for size
(Font)              <8> on input line 30.
LaTeX Font Info:    External font `cmex10' loaded for size
(Font)              <6> on input line 30.
 [1

{/usr/local/teTeX/share/texmf/dvips/config/pdftex.map}{/usr/local/teTeX/share/t
exmf.os/dvips/config/Ttbbold.map}{/usr/local/teTeX/share/texmf.os/dvips/config/
wolfram.map}] [2] [3] [4]
Overfull \hbox (20.93564pt too wide) in paragraph at lines 315--342
/cmr12/(/cmmi12/K; ^^[/cmr12/)$: a poly-no-mial over $/cmmi12/K$ /cmr12/in in-d
e-ter-mi-nates $/cmmi12/x[]; ::; x[]; ^^[/cmr12/(/cmmi12/x[]/cmr12/)/cmmi12/; :
::; ^^[/cmr12/(/cmmi12/x[]/cmr12/)/cmmi12/; ^^[[]/cmr12/(/cmmi12/x[]/cmr12/)/cm
mi12/; ::$/cmr12/.
 []

[5] [6]
Overfull \hbox (6.93779pt too wide) in paragraph at lines 519--519
[]/cmbx12@17.28pt/The Manin-Mumford con-jec-ture: state-ment
 []

[7] [8] [9] [10] [11] [12] [13]
Overfull \hbox (3.87785pt too wide) in paragraph at lines 1023--1028
/cmr12/Another gen-eral ques-tion re-lat-ing these lec-tures to those of Scan-l
on, is whether
 []


Underfull \hbox (badness 10000) in paragraph at lines 1054--1059
[]/cmr12/A. Pil-lay and M. Ziegler, Jet spaces of
 []


Underfull \hbox (badness 10000) in paragraph at lines 1060--1065
[]/cmr12/R. Pink and D. Roessler,
 []

[14] (./03PillayNotes1.aux) ) 
Here is how much of TeX's memory you used:
 558 strings out of 60917
 6478 string characters out of 1188883
 4047293 words of memory out of 6502650
 3576 multiletter control sequences out of 10000+50000
 25708 words of font info for 95 fonts, out of 500000 for 1000
 54 hyphenation exceptions out of 1000
 25i,6n,22p,267b,233s stack positions out of 1500i,500n,5000p,200000b,5000s
 84 PDF objects out of 300000
 0 named destinations out of 131072
 0 words of extra memory for PDF output out of 65536
</usr/local/teTeX/share/texmf/fonts/type1/bluesky/
cm/cmmi6.pfb></usr/local/teTeX/share/texmf/fonts/type1/bluesky/cm/cmbx8.pfb></u
sr/local/teTeX/share/texmf/fonts/type1/bluesky/cm/cmsy6.pfb></usr/local/teTeX/s
hare/texmf/fonts/type1/bluesky/cm/cmex10.pfb></usr/local/teTeX/share/texmf/font
s/type1/bluesky/cm/cmsy8.pfb></usr/local/teTeX/share/texmf/fonts/type1/bluesky/
cm/cmmi8.pfb></usr/local/teTeX/share/texmf/fonts/type1/bluesky/cm/cmsy10.pfb></
usr/local/teTeX/share/texmf/fonts/type1/bluesky/cm/cmr8.pfb></usr/local/teTeX/s
hare/texmf/fonts/type1/bluesky/cm/cmti12.pfb></usr/local/teTeX/share/texmf/font
s/type1/bluesky/cm/cmmi12.pfb></usr/local/teTeX/share/texmf/fonts/type1/bluesky
/cm/cmbx12.pfb></usr/local/teTeX/share/texmf/fonts/type1/bluesky/cm/cmr12.pfb><
/usr/local/teTeX/share/texmf/fonts/type1/bluesky/cm/cmr17.pfb>
Output written on 03PillayNotes1.pdf (14 pages, 143293 bytes).
