This is pdfTeX, Version 3.14159-1.00b-pretest-20020211 (Web2C 7.3.7x) (format=pdflatex 2002.11.3)  5 MAR 2004 12:30
**04WanNotes.tex
(./04WanNotes.tex{/usr/local/teTeX/share/texmf.local/pdftex/config/pdftex.cfg}
LaTeX2e <2001/06/01>
Babel <v3.7h> and hyphenation patterns for american, french, german, ngerman, d
utch, nohyphenation, loaded.
(/usr/local/teTeX/share/texmf/tex/latex/base/article.cls
Document Class: article 2001/04/21 v1.4e Standard LaTeX document class
(/usr/local/teTeX/share/texmf/tex/latex/base/size11.clo
File: size11.clo 2001/04/21 v1.4e Standard LaTeX file (size option)
)
\c@part=\count79
\c@section=\count80
\c@subsection=\count81
\c@subsubsection=\count82
\c@paragraph=\count83
\c@subparagraph=\count84
\c@figure=\count85
\c@table=\count86
\abovecaptionskip=\skip41
\belowcaptionskip=\skip42
\bibindent=\dimen102
)
(/usr/local/teTeX/share/texmf/tex/latex/amsmath/amsmath.sty
Package: amsmath 2000/07/18 v2.13 AMS math features
\@mathmargin=\skip43

For additional information on amsmath, use the `?' option.
(/usr/local/teTeX/share/texmf/tex/latex/amsmath/amstext.sty
Package: amstext 2000/06/29 v2.01

(/usr/local/teTeX/share/texmf/tex/latex/amsmath/amsgen.sty
File: amsgen.sty 1999/11/30 v2.0
\@emptytoks=\toks14
\ex@=\dimen103
))
(/usr/local/teTeX/share/texmf/tex/latex/amsmath/amsbsy.sty
Package: amsbsy 1999/11/29 v1.2d
\pmbraise@=\dimen104
)
(/usr/local/teTeX/share/texmf/tex/latex/amsmath/amsopn.sty
Package: amsopn 1999/12/14 v2.01 operator names
)
\inf@bad=\count87
LaTeX Info: Redefining \frac on input line 211.
\uproot@=\count88
\leftroot@=\count89
LaTeX Info: Redefining \overline on input line 307.
\classnum@=\count90
\DOTSCASE@=\count91
LaTeX Info: Redefining \ldots on input line 379.
LaTeX Info: Redefining \dots on input line 382.
LaTeX Info: Redefining \cdots on input line 467.
\Mathstrutbox@=\box26
\strutbox@=\box27
\big@size=\dimen105
LaTeX Font Info:    Redeclaring font encoding OML on input line 567.
LaTeX Font Info:    Redeclaring font encoding OMS on input line 568.
\macc@depth=\count92
\c@MaxMatrixCols=\count93
\dotsspace@=\muskip10
\c@parentequation=\count94
\dspbrk@lvl=\count95
\tag@help=\toks15
\row@=\count96
\column@=\count97
\maxfields@=\count98
\andhelp@=\toks16
\eqnshift@=\dimen106
\alignsep@=\dimen107
\tagshift@=\dimen108
\tagwidth@=\dimen109
\totwidth@=\dimen110
\lineht@=\dimen111
\@envbody=\toks17
\multlinegap=\skip44
\multlinetaggap=\skip45
\mathdisplay@stack=\toks18
LaTeX Info: Redefining \[ on input line 2666.
LaTeX Info: Redefining \] on input line 2667.
)
(/usr/local/teTeX/share/texmf/tex/latex/amscls/amsthm.sty
Package: amsthm 2000/10/26 v2.08
\thm@style=\toks19
\thm@bodyfont=\toks20
\thm@headfont=\toks21
\thm@notefont=\toks22
\thm@headpunct=\toks23
\thm@preskip=\skip46
\thm@postskip=\skip47
\thm@headsep=\skip48
\dth@everypar=\toks24
)
(/usr/local/teTeX/share/texmf/tex/latex/amsfonts/amsfonts.sty
Package: amsfonts 2001/10/25 v2.2f
\symAMSa=\mathgroup4
\symAMSb=\mathgroup5
LaTeX Font Info:    Overwriting math alphabet `\mathfrak' in version `bold'
(Font)                  U/euf/m/n --> U/euf/b/n on input line 132.
)
(/usr/local/teTeX/share/texmf/tex/latex/amsfonts/amssymb.sty
Package: amssymb 2002/01/22 v2.2d
)
(/usr/local/teTeX/share/texmf/tex/latex/amsmath/amscd.sty
Package: amscd 1999/11/29 v2.0
\athelp@=\toks25
\minaw@=\dimen112
\bigaw@=\dimen113
\minCDarrowwidth=\dimen114
)
\c@Thm=\count99
\c@Rk=\count100
 (./04WanNotes.aux)
\openout1 = `04WanNotes.aux'.

LaTeX Font Info:    Checking defaults for OML/cmm/m/it on input line 35.
LaTeX Font Info:    ... okay on input line 35.
LaTeX Font Info:    Checking defaults for T1/cmr/m/n on input line 35.
LaTeX Font Info:    ... okay on input line 35.
LaTeX Font Info:    Checking defaults for OT1/cmr/m/n on input line 35.
LaTeX Font Info:    ... okay on input line 35.
LaTeX Font Info:    Checking defaults for OMS/cmsy/m/n on input line 35.
LaTeX Font Info:    ... okay on input line 35.
LaTeX Font Info:    Checking defaults for OMX/cmex/m/n on input line 35.
LaTeX Font Info:    ... okay on input line 35.
LaTeX Font Info:    Checking defaults for U/cmr/m/n on input line 35.
LaTeX Font Info:    ... okay on input line 35.
LaTeX Font Info:    Try loading font information for U+msa on input line 40.

(/usr/local/teTeX/share/texmf/tex/latex/amsfonts/umsa.fd
File: umsa.fd 2002/01/19 v2.2g AMS font definitions
)
LaTeX Font Info:    Try loading font information for U+msb on input line 40.

(/usr/local/teTeX/share/texmf/tex/latex/amsfonts/umsb.fd
File: umsb.fd 2002/01/19 v2.2g AMS font definitions
) (./04WanNotes.toc
[1

{/usr/local/teTeX/share/texmf/dvips/config/pdftex.map}{/usr/local/teTeX/share/t
exmf.os/dvips/config/Ttbbold.map}{/usr/local/teTeX/share/texmf.os/dvips/config/
wolfram.map}])
\tf@toc=\write3
\openout3 = `04WanNotes.toc'.



Package amsmath Warning: Foreign command \atopwithdelims;
(amsmath)                \frac or \genfrac should be used instead
(amsmath)                 on input line 54.

[2] [3] [4]
Overfull \hbox (38.23795pt too wide) detected at line 230
/cmr10@10.95pt/(/cmsy10@10.95pt/) /cmr10@10.95pt/(1 /cmsy10@10.95pt/^^@ /cmmi10
@10.95pt/T/cmr10@10.95pt/)[] [] /cmmi10@10.95pt/W[]/cmr10@10.95pt/(/cmmi10@10.9
5pt/k/cmr10@10.95pt/)/cmmi10@10.95pt/T[] /cmr10@10.95pt/= [] /cmmi10@10.95pt/h[
]/cmr10@10.95pt/(/cmmi10@10.95pt/k/cmr10@10.95pt/)/cmmi10@10.95pt/T[];  [] /cms
y10@10.95pt/^^T /cmmi10@10.95pt/n /cmr10@10.95pt/+ 1);
 []

[5] [6]
Overfull \hbox (19.73375pt too wide) detected at line 320
/cmr10@10.95pt/^^A[] = /cmsy10@10.95pt/h/cmr10@10.95pt/(/cmmi10@10.95pt/n; /cms
y10@10.95pt/^^@/cmr10@10.95pt/1/cmmi10@10.95pt/; []  ; /cmsy10@10.95pt/^^@/cmr1
0@10.95pt/1)/cmmi10@10.95pt/; /cmr10@10.95pt/(/cmsy10@10.95pt/^^@/cmr10@10.95pt
/1/cmmi10@10.95pt/; n; []  ; /cmsy10@10.95pt/^^@/cmr10@10.95pt/1)/cmmi10@10.95p
t/; []  ; /cmr10@10.95pt/(/cmsy10@10.95pt/^^@/cmr10@10.95pt/1/cmmi10@10.95pt/; 
[]  ; /cmsy10@10.95pt/^^@/cmr10@10.95pt/1/cmmi10@10.95pt/; n/cmr10@10.95pt/)/cm
mi10@10.95pt/; /cmr10@10.95pt/(/cmsy10@10.95pt/^^@/cmr10@10.95pt/1/cmmi10@10.95
pt/; /cmsy10@10.95pt/^^@/cmr10@10.95pt/1/cmmi10@10.95pt/; []  ; /cmsy10@10.95pt
/^^@/cmr10@10.95pt/1)/cmsy10@10.95pt/i/cmmi10@10.95pt/:
 []

[7] [8]

Package amsmath Warning: Foreign command \atop;
(amsmath)                \frac or \genfrac should be used instead
(amsmath)                 on input line 399.

[9] [10] [11] [12]
Overfull \hbox (7.63719pt too wide) in paragraph at lines 620--622
/cmbx10@10.95pt/Theorem 2.3 (Adolph-son-Sperber). /cmr10@10.95pt/If $/cmmi10@10
.95pt/f$ /cmr10@10.95pt/is $^^A$-regular, then $/cmmi10@10.95pt/L/cmr10@10.95pt
/(/cmmi10@10.95pt/x[]f; T/cmr10@10.95pt/)[]$
 []

[13]
Overfull \hbox (2.91702pt too wide) in paragraph at lines 673--676
/cmbx10@10.95pt/Theorem 2.6 (Adolph-son-Sperber). $/cmmi10@10.95pt/f$ /cmr10@10
.95pt/is $^^A$-regular $/cmsy10@10.95pt/)$ $/cmmi10@10.95pt/NP/cmr10@10.95pt/(/
cmmi10@10.95pt/f/cmr10@10.95pt/) /cmsy10@10.95pt/^^U /cmmi10@10.95pt/HP/cmr10@1
0.95pt/(^^A)$,
 []

[14] [15]
Overfull \hbox (4.13518pt too wide) in paragraph at lines 788--790
[]/cmr10@10.95pt/There ex-ists $/cmmi10@10.95pt/D[]/cmr10@10.95pt/(^^A) /cmmi10
@10.95pt/> /cmr10@10.95pt/0$ such that $^^A$ is or-di-nary for $/cmmi10@10.95pt
/p /cmsy10@10.95pt/^^Q /cmr10@10.95pt/1([]/cmmi10@10.95pt/D[]/cmr10@10.95pt/(^^
A))$. 
 []

[16]
Overfull \hbox (0.56914pt too wide) in paragraph at lines 866--869
[]$[]$/cmr10@10.95pt/: Is this fam-ily $/cmmi10@10.95pt/g/cmr10@10.95pt/(/cmmi1
0@10.95pt/^^U; x/cmr10@10.95pt/)$ of pro-jec-tive hy-per-sur-faces in $/msbm10@
10.95pt/P[]$ /cmr10@10.95pt/gener-
 []

[17] [18] [19] [20] [21] [22] (./04WanNotes.aux) ) 
Here is how much of TeX's memory you used:
 1309 strings out of 60917
 14355 string characters out of 1188883
 4058421 words of memory out of 6513778
 4315 multiletter control sequences out of 10000+50000
 17755 words of font info for 68 fonts, out of 500000 for 1000
 54 hyphenation exceptions out of 1000
 29i,17n,22p,252b,363s stack positions out of 1500i,500n,5000p,200000b,5000s
 136 PDF objects out of 300000
 0 named destinations out of 131072
 0 words of extra memory for PDF output out of 65536
</usr/local/teTeX/share/texmf
/fonts/type1/bluesky/symbols/msbm7.pfb></usr/local/teTeX/share/texmf/fonts/type
1/bluesky/symbols/msbm7.pfb></usr/local/teTeX/share/texmf/fonts/type1/bluesky/l
atex/line10.pfb></usr/local/teTeX/share/texmf/fonts/type1/bluesky/symbols/msam1
0.pfb></usr/local/teTeX/share/texmf/fonts/type1/bluesky/latex/lcircle1.pfb></us
r/local/teTeX/share/texmf/fonts/type1/bluesky/cm/cmti10.pfb></usr/local/teTeX/s
hare/texmf/fonts/type1/bluesky/cm/cmr6.pfb></usr/local/teTeX/share/texmf/fonts/
type1/bluesky/cm/cmex10.pfb></usr/local/teTeX/share/texmf/fonts/type1/bluesky/c
m/cmsy10.pfb></usr/local/teTeX/share/texmf/fonts/type1/bluesky/cm/cmmi12.pfb></
usr/local/teTeX/share/texmf/fonts/type1/bluesky/cm/cmr9.pfb></usr/local/teTeX/s
hare/texmf/fonts/type1/bluesky/cm/cmsy6.pfb></usr/local/teTeX/share/texmf/fonts
/type1/bluesky/cm/cmmi6.pfb></usr/local/teTeX/share/texmf/fonts/type1/bluesky/s
ymbols/msbm10.pfb></usr/local/teTeX/share/texmf/fonts/type1/bluesky/cm/cmr8.pfb
></usr/local/teTeX/share/texmf/fonts/type1/bluesky/cm/cmmi8.pfb></usr/local/teT
eX/share/texmf/fonts/type1/bluesky/cm/cmmi10.pfb></usr/local/teTeX/share/texmf/
fonts/type1/bluesky/cm/cmr10.pfb></usr/local/teTeX/share/texmf/fonts/type1/blue
sky/cm/cmbx10.pfb></usr/local/teTeX/share/texmf/fonts/type1/bluesky/cm/cmr12.pf
b></usr/local/teTeX/share/texmf/fonts/type1/bluesky/cm/cmsy8.pfb></usr/local/te
TeX/share/texmf/fonts/type1/bluesky/cm/cmbx12.pfb>
Output written on 04WanNotes.pdf (22 pages, 238373 bytes).
