This is pdfeTeX, Version 3.141592-1.20a-2.2 (Web2C 7.5.3) (format=pdflatex 2005.6.10)  17 MAR 2006 16:43
entering extended mode
\write18 enabled.
**06CohenNotes.tex
(./06CohenNotes.tex
LaTeX2e <2003/12/01>
Babel <v3.8d> and hyphenation patterns for american, french, german, ngerman, d
utch, italian, norsk, portuges, spanish, swedish, nohyphenation, loaded.
(/usr/local/teTeX/share/texmf.tetex/tex/latex/base/article.cls
Document Class: article 2004/02/16 v1.4f Standard LaTeX document class
(/usr/local/teTeX/share/texmf.tetex/tex/latex/base/size12.clo
File: size12.clo 2004/02/16 v1.4f Standard LaTeX file (size option)
)
\c@part=\count79
\c@section=\count80
\c@subsection=\count81
\c@subsubsection=\count82
\c@paragraph=\count83
\c@subparagraph=\count84
\c@figure=\count85
\c@table=\count86
\abovecaptionskip=\skip41
\belowcaptionskip=\skip42
\bibindent=\dimen102
)
(/usr/local/teTeX/share/texmf.tetex/tex/latex/amsmath/amsmath.sty
Package: amsmath 2000/07/18 v2.13 AMS math features
\@mathmargin=\skip43

For additional information on amsmath, use the `?' option.
(/usr/local/teTeX/share/texmf.tetex/tex/latex/amsmath/amstext.sty
Package: amstext 2000/06/29 v2.01

(/usr/local/teTeX/share/texmf.tetex/tex/latex/amsmath/amsgen.sty
File: amsgen.sty 1999/11/30 v2.0
\@emptytoks=\toks14
\ex@=\dimen103
))
(/usr/local/teTeX/share/texmf.tetex/tex/latex/amsmath/amsbsy.sty
Package: amsbsy 1999/11/29 v1.2d
\pmbraise@=\dimen104
)
(/usr/local/teTeX/share/texmf.tetex/tex/latex/amsmath/amsopn.sty
Package: amsopn 1999/12/14 v2.01 operator names
)
\inf@bad=\count87
LaTeX Info: Redefining \frac on input line 211.
\uproot@=\count88
\leftroot@=\count89
LaTeX Info: Redefining \overline on input line 307.
\classnum@=\count90
\DOTSCASE@=\count91
LaTeX Info: Redefining \ldots on input line 379.
LaTeX Info: Redefining \dots on input line 382.
LaTeX Info: Redefining \cdots on input line 467.
\Mathstrutbox@=\box26
\strutbox@=\box27
\big@size=\dimen105
LaTeX Font Info:    Redeclaring font encoding OML on input line 567.
LaTeX Font Info:    Redeclaring font encoding OMS on input line 568.
\macc@depth=\count92
\c@MaxMatrixCols=\count93
\dotsspace@=\muskip10
\c@parentequation=\count94
\dspbrk@lvl=\count95
\tag@help=\toks15
\row@=\count96
\column@=\count97
\maxfields@=\count98
\andhelp@=\toks16
\eqnshift@=\dimen106
\alignsep@=\dimen107
\tagshift@=\dimen108
\tagwidth@=\dimen109
\totwidth@=\dimen110
\lineht@=\dimen111
\@envbody=\toks17
\multlinegap=\skip44
\multlinetaggap=\skip45
\mathdisplay@stack=\toks18
LaTeX Info: Redefining \[ on input line 2666.
LaTeX Info: Redefining \] on input line 2667.
)
(/usr/local/teTeX/share/texmf.tetex/tex/latex/amsfonts/amsfonts.sty
Package: amsfonts 2001/10/25 v2.2f
\symAMSa=\mathgroup4
\symAMSb=\mathgroup5
LaTeX Font Info:    Overwriting math alphabet `\mathfrak' in version `bold'
(Font)                  U/euf/m/n --> U/euf/b/n on input line 132.
)
(/usr/local/teTeX/share/texmf.tetex/tex/latex/amsfonts/amssymb.sty
Package: amssymb 2002/01/22 v2.2d
)
\c@theorem=\count99

(./06CohenNotes.aux)
\openout1 = `06CohenNotes.aux'.

LaTeX Font Info:    Checking defaults for OML/cmm/m/it on input line 147.
LaTeX Font Info:    ... okay on input line 147.
LaTeX Font Info:    Checking defaults for T1/cmr/m/n on input line 147.
LaTeX Font Info:    ... okay on input line 147.
LaTeX Font Info:    Checking defaults for OT1/cmr/m/n on input line 147.
LaTeX Font Info:    ... okay on input line 147.
LaTeX Font Info:    Checking defaults for OMS/cmsy/m/n on input line 147.
LaTeX Font Info:    ... okay on input line 147.
LaTeX Font Info:    Checking defaults for OMX/cmex/m/n on input line 147.
LaTeX Font Info:    ... okay on input line 147.
LaTeX Font Info:    Checking defaults for U/cmr/m/n on input line 147.
LaTeX Font Info:    ... okay on input line 147.
LaTeX Font Info:    Try loading font information for U+msa on input line 155.

(/usr/local/teTeX/share/texmf.tetex/tex/latex/amsfonts/umsa.fd
File: umsa.fd 2002/01/19 v2.2g AMS font definitions
)
LaTeX Font Info:    Try loading font information for U+msb on input line 155.

(/usr/local/teTeX/share/texmf.tetex/tex/latex/amsfonts/umsb.fd
File: umsb.fd 2002/01/19 v2.2g AMS font definitions
) [1

{/usr/local/teTeX/share/texmf.local/fonts/map/pdftex/updmap/pdftex.map}] [2] [3
] [4]
[5]
LaTeX Font Info:    Try loading font information for OMS+cmr on input line 406.

 (/usr/local/teTeX/share/texmf.tetex/tex/latex/base/omscmr.fd
File: omscmr.fd 1999/05/25 v2.5h Standard LaTeX font definitions
)
LaTeX Font Info:    Font shape `OMS/cmr/m/n' in size <12> not available
(Font)              Font shape `OMS/cmsy/m/n' tried instead on input line 406.
 [6] [7]
[8] [9] [10] [11] [12] [13] [14] [15] [16] [17] [18] [19] [20] [21] [22]
LaTeX Font Info:    Try loading font information for U+euf on input line 1148.

(/usr/local/teTeX/share/texmf.tetex/tex/latex/amsfonts/ueuf.fd
File: ueuf.fd 2002/01/19 v2.2g AMS font definitions
) [23] [24]
[25] [26] [27] [28] [29] [30] [31] [32] [33]

LaTeX Warning: Command \O invalid in math mode on input line 1686.

[34] [35]
Overfull \hbox (6.6256pt too wide) in paragraph at lines 1734--1734
[]$\OT1/cmr/m/n/17.28 3$\OT1/cmr/bx/n/17.28 -Descent with Ra-tio-nal $\OT1/cmr/
m/n/17.28 3$\OT1/cmr/bx/n/17.28 -Torsion Sub-group 
 []


Underfull \hbox (badness 7704) in paragraph at lines 1764--1767
[]\OT1/cmr/m/n/12 M. Mis-chler, \OT1/cmr/m/it/12 La con-jec-ture de Cata-lan ra
cont^^See ^^Ra un ami
 []


Underfull \hbox (badness 3758) in paragraph at lines 1764--1767
\OT1/cmr/m/it/12 qui a le temps\OT1/cmr/m/n/12 , preprint avail-able on the web
 at the URL
 []


Underfull \hbox (badness 10000) in paragraph at lines 1767--1769
[]\OT1/cmr/m/n/12 D. Za-gier, \OT1/cmr/m/it/12 Mod-u-lar parametriza-tions of e
l-lip-tic curves\OT1/cmr/m/n/12 ,
 []

[36] [37] (./06CohenNotes.aux) ) 
Here is how much of TeX's memory you used:
 1366 strings out of 95217
 14436 string characters out of 1184538
 2057729 words of memory out of 4512564
 4490 multiletter control sequences out of 10000+50000
 18127 words of font info for 70 fonts, out of 2000000 for 2000
 58 hyphenation exceptions out of 1000
 27i,10n,22p,413b,290s stack positions out of 5000i,500n,6000p,200000b,40000s
 178 PDF objects out of 300000
 0 named destinations out of 131072
 1 words of extra memory for PDF output out of 65536
</usr/local/teTeX/share/texmf.tetex/fonts/type1
/bluesky/cm/cmtt12.pfb></usr/local/teTeX/share/texmf.tetex/fonts/type1/bluesky/
symbols/msbm7.pfb></usr/local/teTeX/share/texmf.tetex/fonts/type1/bluesky/euler
/eufm10.pfb></usr/local/teTeX/share/texmf.tetex/fonts/type1/bluesky/cm/cmex10.p
fb></usr/local/teTeX/share/texmf.tetex/fonts/type1/bluesky/cm/cmr6.pfb></usr/lo
cal/teTeX/share/texmf.tetex/fonts/type1/bluesky/cm/cmmi6.pfb></usr/local/teTeX/
share/texmf.tetex/fonts/type1/bluesky/symbols/msbm10.pfb></usr/local/teTeX/shar
e/texmf.tetex/fonts/type1/bluesky/cm/cmsy8.pfb></usr/local/teTeX/share/texmf.te
tex/fonts/type1/bluesky/cm/cmti10.pfb></usr/local/teTeX/share/texmf.tetex/fonts
/type1/bluesky/cm/cmr7.pfb></usr/local/teTeX/share/texmf.tetex/fonts/type1/blue
sky/cm/cmr8.pfb></usr/local/teTeX/share/texmf.tetex/fonts/type1/bluesky/cm/cmmi
8.pfb></usr/local/teTeX/share/texmf.tetex/fonts/type1/bluesky/cm/cmsy10.pfb></u
sr/local/teTeX/share/texmf.tetex/fonts/type1/bluesky/cm/cmmi12.pfb></usr/local/
teTeX/share/texmf.tetex/fonts/type1/bluesky/cm/cmti12.pfb></usr/local/teTeX/sha
re/texmf.tetex/fonts/type1/bluesky/cm/cmbx12.pfb></usr/local/teTeX/share/texmf.
tetex/fonts/type1/bluesky/cm/cmr10.pfb></usr/local/teTeX/share/texmf.tetex/font
s/type1/bluesky/cm/cmbx10.pfb></usr/local/teTeX/share/texmf.tetex/fonts/type1/b
luesky/cm/cmr12.pfb></usr/local/teTeX/share/texmf.tetex/fonts/type1/bluesky/cm/
cmr17.pfb>
Output written on 06CohenNotes.pdf (37 pages, 279930 bytes).
