This is pdfTeX, Version 3.14159-1.00b-pretest-20020211 (Web2C 7.3.7x) (format=pdflatex 2002.11.3)  11 MAR 2004 15:57
**04MorrisonCD.tex
(./04MorrisonCD.tex{/usr/local/teTeX/share/texmf.local/pdftex/config/pdftex.cfg
}
LaTeX2e <2001/06/01>
Babel <v3.7h> and hyphenation patterns for american, french, german, ngerman, d
utch, nohyphenation, loaded.
(/usr/local/teTeX/share/texmf/tex/latex/base/article.cls
Document Class: article 2001/04/21 v1.4e Standard LaTeX document class
(/usr/local/teTeX/share/texmf/tex/latex/base/size12.clo
File: size12.clo 2001/04/21 v1.4e Standard LaTeX file (size option)
)
\c@part=\count79
\c@section=\count80
\c@subsection=\count81
\c@subsubsection=\count82
\c@paragraph=\count83
\c@subparagraph=\count84
\c@figure=\count85
\c@table=\count86
\abovecaptionskip=\skip41
\belowcaptionskip=\skip42
\bibindent=\dimen102
) (./04MorrisonCD.aux)
\openout1 = `04MorrisonCD.aux'.

LaTeX Font Info:    Checking defaults for OML/cmm/m/it on input line 3.
LaTeX Font Info:    ... okay on input line 3.
LaTeX Font Info:    Checking defaults for T1/cmr/m/n on input line 3.
LaTeX Font Info:    ... okay on input line 3.
LaTeX Font Info:    Checking defaults for OT1/cmr/m/n on input line 3.
LaTeX Font Info:    ... okay on input line 3.
LaTeX Font Info:    Checking defaults for OMS/cmsy/m/n on input line 3.
LaTeX Font Info:    ... okay on input line 3.
LaTeX Font Info:    Checking defaults for OMX/cmex/m/n on input line 3.
LaTeX Font Info:    ... okay on input line 3.
LaTeX Font Info:    Checking defaults for U/cmr/m/n on input line 3.
LaTeX Font Info:    ... okay on input line 3.

[1

{/usr/local/teTeX/share/texmf/dvips/config/pdftex.map}{/usr/local/teTeX/share/t
exmf.os/dvips/config/Ttbbold.map}{/usr/local/teTeX/share/texmf.os/dvips/config/
wolfram.map}] [2] (./04MorrisonCD.aux) ) 
Here is how much of TeX's memory you used:
 223 strings out of 60917
 2407 string characters out of 1188883
 4045624 words of memory out of 6500981
 3298 multiletter control sequences out of 10000+50000
 5367 words of font info for 20 fonts, out of 500000 for 1000
 54 hyphenation exceptions out of 1000
 22i,4n,19p,207b,276s stack positions out of 1500i,500n,5000p,200000b,5000s
 19 PDF objects out of 300000
 0 named destinations out of 131072
 0 words of extra memory for PDF output out of 65536
</usr/local/teTeX/share/texmf/fonts/typ
e1/bluesky/cm/cmtt12.pfb></usr/local/teTeX/share/texmf/fonts/type1/bluesky/cm/c
mti12.pfb></usr/local/teTeX/share/texmf/fonts/type1/bluesky/cm/cmr12.pfb></usr/
local/teTeX/share/texmf/fonts/type1/bluesky/cm/cmbx12.pfb>
Output written on 04MorrisonCD.pdf (2 pages, 41207 bytes).
