This is pdfTeX, Version 3.14159-1.00b-pretest-20020211 (Web2C 7.3.7x) (format=pdflatex 2002.11.3)  23 OCT 2003 13:14
**03LoeserNotes.tex
(./03LoeserNotes.tex{/usr/local/teTeX/share/texmf.local/pdftex/config/pdftex.cf
g}
LaTeX2e <2001/06/01>
Babel <v3.7h> and hyphenation patterns for american, french, german, ngerman, d
utch, nohyphenation, loaded.
(/usr/local/teTeX/share/texmf/tex/latex/amscls/amsart.cls
Document Class: amsart 2000/10/26 v2.08
\linespacing=\dimen102
\normalparindent=\dimen103
\normaltopskip=\skip41
(/usr/local/teTeX/share/texmf/tex/latex/amsmath/amsmath.sty
Package: amsmath 2000/07/18 v2.13 AMS math features
\@mathmargin=\skip42

For additional information on amsmath, use the `?' option.
(/usr/local/teTeX/share/texmf/tex/latex/amsmath/amstext.sty
Package: amstext 2000/06/29 v2.01

(/usr/local/teTeX/share/texmf/tex/latex/amsmath/amsgen.sty
File: amsgen.sty 1999/11/30 v2.0
\@emptytoks=\toks14
\ex@=\dimen104
))
(/usr/local/teTeX/share/texmf/tex/latex/amsmath/amsbsy.sty
Package: amsbsy 1999/11/29 v1.2d
\pmbraise@=\dimen105
)
(/usr/local/teTeX/share/texmf/tex/latex/amsmath/amsopn.sty
Package: amsopn 1999/12/14 v2.01 operator names
)
\inf@bad=\count79
LaTeX Info: Redefining \frac on input line 211.
\uproot@=\count80
\leftroot@=\count81
LaTeX Info: Redefining \overline on input line 307.
\classnum@=\count82
\DOTSCASE@=\count83
LaTeX Info: Redefining \ldots on input line 379.
LaTeX Info: Redefining \dots on input line 382.
LaTeX Info: Redefining \cdots on input line 467.
\Mathstrutbox@=\box26
\strutbox@=\box27
\big@size=\dimen106
LaTeX Font Info:    Redeclaring font encoding OML on input line 567.
LaTeX Font Info:    Redeclaring font encoding OMS on input line 568.
\macc@depth=\count84
\c@MaxMatrixCols=\count85
\dotsspace@=\muskip10
\c@parentequation=\count86
\dspbrk@lvl=\count87
\tag@help=\toks15
\row@=\count88
\column@=\count89
\maxfields@=\count90
\andhelp@=\toks16
\eqnshift@=\dimen107
\alignsep@=\dimen108
\tagshift@=\dimen109
\tagwidth@=\dimen110
\totwidth@=\dimen111
\lineht@=\dimen112
\@envbody=\toks17
\multlinegap=\skip43
\multlinetaggap=\skip44
\mathdisplay@stack=\toks18
LaTeX Info: Redefining \[ on input line 2666.
LaTeX Info: Redefining \] on input line 2667.
)
LaTeX Font Info:    Try loading font information for U+msa on input line 395.

(/usr/local/teTeX/share/texmf/tex/latex/amsfonts/umsa.fd
File: umsa.fd 2002/01/19 v2.2g AMS font definitions
)
(/usr/local/teTeX/share/texmf/tex/latex/amsfonts/amsfonts.sty
Package: amsfonts 2001/10/25 v2.2f
\symAMSa=\mathgroup4
\symAMSb=\mathgroup5
LaTeX Font Info:    Overwriting math alphabet `\mathfrak' in version `bold'
(Font)                  U/euf/m/n --> U/euf/b/n on input line 132.
)
\copyins=\insert233
\abstractbox=\box28
\listisep=\skip45
\c@part=\count91
\c@section=\count92
\c@subsection=\count93
\c@subsubsection=\count94
\c@paragraph=\count95
\c@subparagraph=\count96
\c@figure=\count97
\c@table=\count98
\abovecaptionskip=\skip46
\belowcaptionskip=\skip47
\captionindent=\dimen113
\thm@style=\toks19
\thm@bodyfont=\toks20
\thm@headfont=\toks21
\thm@notefont=\toks22
\thm@headpunct=\toks23
\thm@preskip=\skip48
\thm@postskip=\skip49
\thm@headsep=\skip50
\dth@everypar=\toks24
)
(/usr/local/teTeX/share/texmf/tex/latex/amsfonts/amssymb.sty
Package: amssymb 2002/01/22 v2.2d
)
(/usr/local/teTeX/share/texmf/tex/latex/amsmath/amscd.sty
Package: amscd 1999/11/29 v2.0
\athelp@=\toks25
\minaw@=\dimen114
\bigaw@=\dimen115
\minCDarrowwidth=\dimen116
)
(/usr/local/teTeX/share/texmf/tex/generic/xypic/xypic.sty
(/usr/local/teTeX/share/texmf/tex/generic/xypic/xy.sty
(/usr/local/teTeX/share/texmf/tex/generic/xypic/xy.tex Bootstrap'ing:
catcodes, docmode, (/usr/local/teTeX/share/texmf/tex/generic/xypic/xyrecat.tex)
(/usr/local/teTeX/share/texmf/tex/generic/xypic/xyidioms.tex)

 Xy-pic version 3.7 <1999/02/16>
 Copyright (c) 1991-1998 by Kristoffer H. Rose <krisrose@ens-lyon.fr>
 Xy-pic is free software: see the User's Guide for details.

Loading kernel: messages; fonts; allocations: state,
\X@c=\dimen117
\Y@c=\dimen118
\U@c=\dimen119
\D@c=\dimen120
\L@c=\dimen121
\R@c=\dimen122
\Edge@c=\toks26
\X@p=\dimen123
\Y@p=\dimen124
\U@p=\dimen125
\D@p=\dimen126
\L@p=\dimen127
\R@p=\dimen128
\Edge@p=\toks27
\X@origin=\dimen129
\Y@origin=\dimen130
\X@xbase=\dimen131
\Y@xbase=\dimen132
\X@ybase=\dimen133
\Y@ybase=\dimen134
\X@min=\dimen135
\Y@min=\dimen136
\X@max=\dimen137
\Y@max=\dimen138
\lastobjectbox@=\box29
\zerodotbox@=\box30
\almostz@=\dimen139
 direction,
\d@X=\dimen140
\d@Y=\dimen141
\K@=\count99
\KK@=\count100
\Direction=\count101
\K@dXdY=\dimen142
\K@dYdX=\dimen143
\xyread@=\read1
\xywrite@=\write3
\csp@=\count102
\quotPTK@=\dimen144

utility macros; pictures: \xy, positions,
\swaptoks@@=\toks28
\connectobjectbox@@=\box31
 objects,
\styletoks@=\toks29
 decorations;
kernel objects: directionals, circles, text; options; algorithms: directions,
edges, connections;  Xy-pic loaded)

LaTeX Warning: You have requested package `xypic',
               but the package provides `xy'.

Package: xy 1999/02/16 Xy-pic version 3.7
(/usr/local/teTeX/share/texmf/tex/generic/xypic/xyall.tex
 Xy-pic option: All features v.3.3
(/usr/local/teTeX/share/texmf/tex/generic/xypic/xycurve.tex
 Xy-pic option: Curve and Spline extension v.3.7 curve,
\crv@cnt@=\count103
\crvpts@=\toks30
\splinebox@=\box32
\splineval@=\dimen145
\splinedepth@=\dimen146
\splinetol@=\dimen147
\splinelength@=\dimen148
 circles,
\L@=\dimen149
 loaded)
(/usr/local/teTeX/share/texmf/tex/generic/xypic/xyframe.tex
 Xy-pic option: Frame and Bracket extension v.3.7 loaded)
(/usr/local/teTeX/share/texmf/tex/generic/xypic/xycmtip.tex
 Xy-pic option: Computer Modern tip extension v.3.3
(/usr/local/teTeX/share/texmf/tex/generic/xypic/xytips.tex
 Xy-pic option: More Tips extension v.3.3 loaded) loaded)
(/usr/local/teTeX/share/texmf/tex/generic/xypic/xyline.tex
 Xy-pic option: Line styles extension v.3.6
\xylinethick@=\dimen150
 loaded)
(/usr/local/teTeX/share/texmf/tex/generic/xypic/xyrotate.tex
 Xy-pic option: Rotate and Scale extension v.3.3 loaded)
(/usr/local/teTeX/share/texmf/tex/generic/xypic/xycolor.tex
 Xy-pic option: Colour extension v.3.3 loaded)
(/usr/local/teTeX/share/texmf/tex/generic/xypic/xymatrix.tex
 Xy-pic option: Matrix feature v.3.4
\Row=\count104
\Col=\count105
\queue@=\toks31
\queue@@=\toks32
\qcount@=\count106
\qcount@@=\count107
\matrixsize@=\count108
 loaded)
(/usr/local/teTeX/share/texmf/tex/generic/xypic/xyarrow.tex
 Xy-pic option: Arrow and Path feature v.3.5 path, \ar, loaded)
(/usr/local/teTeX/share/texmf/tex/generic/xypic/xygraph.tex
 Xy-pic option: Graph feature v.3.7 loaded) loaded))
(/usr/local/teTeX/share/texmf/tex/generic/xypic/xyv2.tex
 Xy-pic option: Version 2 Compatibility v.3.4

Xy-pic Warning: `\stop' redefined.

loaded))

LaTeX Warning: Unused global option(s):
    [english].

(./03LoeserNotes.aux)
\openout1 = `03LoeserNotes.aux'.

LaTeX Font Info:    Checking defaults for OML/cmm/m/it on input line 303.
LaTeX Font Info:    ... okay on input line 303.
LaTeX Font Info:    Checking defaults for T1/cmr/m/n on input line 303.
LaTeX Font Info:    ... okay on input line 303.
LaTeX Font Info:    Checking defaults for OT1/cmr/m/n on input line 303.
LaTeX Font Info:    ... okay on input line 303.
LaTeX Font Info:    Checking defaults for OMS/cmsy/m/n on input line 303.
LaTeX Font Info:    ... okay on input line 303.
LaTeX Font Info:    Checking defaults for OMX/cmex/m/n on input line 303.
LaTeX Font Info:    ... okay on input line 303.
LaTeX Font Info:    Checking defaults for U/cmr/m/n on input line 303.
LaTeX Font Info:    ... okay on input line 303.
LaTeX Font Info:    Try loading font information for U+msa on input line 303.
 (/usr/local/teTeX/share/texmf/tex/latex/amsfonts/umsa.fd
File: umsa.fd 2002/01/19 v2.2g AMS font definitions
)
LaTeX Font Info:    Try loading font information for U+msb on input line 303.
(/usr/local/teTeX/share/texmf/tex/latex/amsfonts/umsb.fd
File: umsb.fd 2002/01/19 v2.2g AMS font definitions
) [1{/usr/local/teTeX/share/texmf/dvips/config/pdftex.map}{/usr/local/teTeX/sha
re/texmf.os/dvips/config/Ttbbold.map}{/usr/local/teTeX/share/texmf.os/dvips/con
fig/wolfram.map}]
[2] [3] [4] [5]
LaTeX Font Info:    Try loading font information for U+euf on input line 757.
 (/usr/local/teTeX/share/texmf/tex/latex/amsfonts/ueuf.fd
File: ueuf.fd 2002/01/19 v2.2g AMS font definitions
)
[6] [7] [8] [9] [10]
Overfull \hbox (6.8035pt too wide) in paragraph at lines 1255--1261
 /cmr12/3.4./cmbx12/Grothendieck rings of first or-der the-o-ries.[] /cmr12/The
 Grothendieck ring $/cmmi12/K[]/cmr12/([][])$
 []

[11] [12] [13] [14] [15] [16] [17]
Overfull \hbox (9.82146pt too wide) in paragraph at lines 1863--1866
[]/cmr12/Hence we de-duce the fol-low-ing con-cep-tual and in-trin-sic in-ter-p
re-ta-tion of $/cmmi12/Z[]/cmr12/(/cmmi12/X; D/cmr12/)(/cmmi12/s/cmr12/)$: 
 []

[18] [19] [20] [21] [22]
LaTeX Font Info:    Try loading font information for OMS+cmr on input line 2390
.
 (/usr/local/teTeX/share/texmf/tex/latex/base/omscmr.fd
File: omscmr.fd 1999/05/25 v2.5h Standard LaTeX font definitions
)
LaTeX Font Info:    Font shape `OMS/cmr/m/n' in size <12> not available
(Font)              Font shape `OMS/cmsy/m/n' tried instead on input line 2390.

 [23] [24] [25] [26]
Underfull \hbox (badness 2213) in paragraph at lines 2854--2858
[]/cmr10/F. Bit-tner, /cmti10/The uni-ver-sal Eu-ler char-ac-ter-is-tic for va-
ri-eties of char-ac-ter-is-tic zero/cmr10/,
 []

[27]
Underfull \vbox (badness 10000) has occurred while \output is active []

 [28]
[29] (./03LoeserNotes.aux) ) 
Here is how much of TeX's memory you used:
 4361 strings out of 60917
 48205 string characters out of 1188883
 4130311 words of memory out of 6585668
 7139 multiletter control sequences out of 10000+50000
 19022 words of font info for 75 fonts, out of 500000 for 1000
 215 hyphenation exceptions out of 1000
 34i,17n,32p,270b,468s stack positions out of 1500i,500n,5000p,200000b,5000s
 173 PDF objects out of 300000
 0 named destinations out of 131072
 0 words of extra memory for PDF output out of 65536
</usr/local/teTeX/share/texmf/fonts/type1/bluesky/c
m/cmtt10.pfb></usr/local/teTeX/share/texmf/fonts/type1/bluesky/cm/cmsl10.pfb></
usr/local/teTeX/share/texmf/fonts/type1/bluesky/cm/cmmi7.pfb></usr/local/teTeX/
share/texmf/fonts/type1/bluesky/cm/cmmi10.pfb></usr/local/teTeX/share/texmf/fon
ts/type1/bluesky/cm/cmbx10.pfb></usr/local/teTeX/share/texmf/fonts/type1/bluesk
y/cm/cmsy6.pfb></usr/local/teTeX/share/texmf/fonts/type1/bluesky/cm/cmr6.pfb></
usr/local/teTeX/share/texmf/fonts/type1/bluesky/euler/eufm7.pfb></usr/local/teT
eX/share/texmf/fonts/type1/bluesky/euler/eufm7.pfb></usr/local/teTeX/share/texm
f/fonts/type1/bluesky/euler/eufm10.pfb></usr/local/teTeX/share/texmf/fonts/type
1/bluesky/symbols/msam10.pfb></usr/local/teTeX/share/texmf/fonts/type1/bluesky/
cm/cmmi9.pfb></usr/local/teTeX/share/texmf/fonts/type1/bluesky/cm/cmr9.pfb></us
r/local/teTeX/share/texmf/fonts/type1/bluesky/cm/cmti12.pfb></usr/local/teTeX/s
hare/texmf/fonts/type1/bluesky/cm/cmmi6.pfb></usr/local/teTeX/share/texmf/fonts
/type1/bluesky/cm/cmbx8.pfb></usr/local/teTeX/share/texmf/fonts/type1/bluesky/c
m/cmex10.pfb></usr/local/teTeX/share/texmf/fonts/type1/bluesky/cm/cmr8.pfb></us
r/local/teTeX/share/texmf/fonts/type1/bluesky/cm/cmmi8.pfb></usr/local/teTeX/sh
are/texmf/fonts/type1/bluesky/cm/cmsy10.pfb></usr/local/teTeX/share/texmf/fonts
/type1/bluesky/cm/cmsy8.pfb></usr/local/teTeX/share/texmf/fonts/type1/bluesky/c
m/cmcsc10.pfb></usr/local/teTeX/share/texmf/fonts/type1/bluesky/cm/cmr12.pfb></
usr/local/teTeX/share/texmf/fonts/type1/bluesky/cm/cmti10.pfb></usr/local/teTeX
/share/texmf/fonts/type1/bluesky/cm/cmr10.pfb></usr/local/teTeX/share/texmf/fon
ts/type1/bluesky/cm/cmmi12.pfb></usr/local/teTeX/share/texmf/fonts/type1/bluesk
y/cm/cmbx12.pfb>
Output written on 03LoeserNotes.pdf (29 pages, 337379 bytes).
