This is pdfTeX, Version 3.14159-1.00b-pretest-20020211 (Web2C 7.3.7x) (format=pdflatex 2002.11.3)  2 MAR 2003 14:30
**03ScanlonNotes.tex
(./03ScanlonNotes.tex{/usr/local/teTeX/share/texmf.local/pdftex/config/pdftex.c
fg}
LaTeX2e <2001/06/01>
Babel <v3.7h> and hyphenation patterns for american, french, german, ngerman, d
utch, nohyphenation, loaded.
(/usr/local/teTeX/share/texmf/tex/latex/amscls/amsart.cls
Document Class: amsart 2000/10/26 v2.08
\linespacing=\dimen102
\normalparindent=\dimen103
\normaltopskip=\skip41
(/usr/local/teTeX/share/texmf/tex/latex/amsmath/amsmath.sty
Package: amsmath 2000/07/18 v2.13 AMS math features
\@mathmargin=\skip42

For additional information on amsmath, use the `?' option.
(/usr/local/teTeX/share/texmf/tex/latex/amsmath/amstext.sty
Package: amstext 2000/06/29 v2.01

(/usr/local/teTeX/share/texmf/tex/latex/amsmath/amsgen.sty
File: amsgen.sty 1999/11/30 v2.0
\@emptytoks=\toks14
\ex@=\dimen104
))
(/usr/local/teTeX/share/texmf/tex/latex/amsmath/amsbsy.sty
Package: amsbsy 1999/11/29 v1.2d
\pmbraise@=\dimen105
)
(/usr/local/teTeX/share/texmf/tex/latex/amsmath/amsopn.sty
Package: amsopn 1999/12/14 v2.01 operator names
)
\inf@bad=\count79
LaTeX Info: Redefining \frac on input line 211.
\uproot@=\count80
\leftroot@=\count81
LaTeX Info: Redefining \overline on input line 307.
\classnum@=\count82
\DOTSCASE@=\count83
LaTeX Info: Redefining \ldots on input line 379.
LaTeX Info: Redefining \dots on input line 382.
LaTeX Info: Redefining \cdots on input line 467.
\Mathstrutbox@=\box26
\strutbox@=\box27
\big@size=\dimen106
LaTeX Font Info:    Redeclaring font encoding OML on input line 567.
LaTeX Font Info:    Redeclaring font encoding OMS on input line 568.
\macc@depth=\count84
\c@MaxMatrixCols=\count85
\dotsspace@=\muskip10
\c@parentequation=\count86
\dspbrk@lvl=\count87
\tag@help=\toks15
\row@=\count88
\column@=\count89
\maxfields@=\count90
\andhelp@=\toks16
\eqnshift@=\dimen107
\alignsep@=\dimen108
\tagshift@=\dimen109
\tagwidth@=\dimen110
\totwidth@=\dimen111
\lineht@=\dimen112
\@envbody=\toks17
\multlinegap=\skip43
\multlinetaggap=\skip44
\mathdisplay@stack=\toks18
LaTeX Info: Redefining \[ on input line 2666.
LaTeX Info: Redefining \] on input line 2667.
)
LaTeX Font Info:    Try loading font information for U+msa on input line 395.

(/usr/local/teTeX/share/texmf/tex/latex/amsfonts/umsa.fd
File: umsa.fd 2002/01/19 v2.2g AMS font definitions
)
(/usr/local/teTeX/share/texmf/tex/latex/amsfonts/amsfonts.sty
Package: amsfonts 2001/10/25 v2.2f
\symAMSa=\mathgroup4
\symAMSb=\mathgroup5
LaTeX Font Info:    Overwriting math alphabet `\mathfrak' in version `bold'
(Font)                  U/euf/m/n --> U/euf/b/n on input line 132.
)
\copyins=\insert233
\abstractbox=\box28
\listisep=\skip45
\c@part=\count91
\c@section=\count92
\c@subsection=\count93
\c@subsubsection=\count94
\c@paragraph=\count95
\c@subparagraph=\count96
\c@figure=\count97
\c@table=\count98
\abovecaptionskip=\skip46
\belowcaptionskip=\skip47
\captionindent=\dimen113
\thm@style=\toks19
\thm@bodyfont=\toks20
\thm@headfont=\toks21
\thm@notefont=\toks22
\thm@headpunct=\toks23
\thm@preskip=\skip48
\thm@postskip=\skip49
\thm@headsep=\skip50
\dth@everypar=\toks24
)
(/usr/local/teTeX/share/texmf/tex/latex/amsmath/amscd.sty
Package: amscd 1999/11/29 v2.0
\athelp@=\toks25
\minaw@=\dimen114
\bigaw@=\dimen115
\minCDarrowwidth=\dimen116
)
(/usr/local/teTeX/share/texmf/tex/latex/amsfonts/amssymb.sty
Package: amssymb 2002/01/22 v2.2d
)
\c@thm=\count99

(./03ScanlonNotes.aux)
\openout1 = `03ScanlonNotes.aux'.

LaTeX Font Info:    Checking defaults for OML/cmm/m/it on input line 61.
LaTeX Font Info:    ... okay on input line 61.
LaTeX Font Info:    Checking defaults for T1/cmr/m/n on input line 61.
LaTeX Font Info:    ... okay on input line 61.
LaTeX Font Info:    Checking defaults for OT1/cmr/m/n on input line 61.
LaTeX Font Info:    ... okay on input line 61.
LaTeX Font Info:    Checking defaults for OMS/cmsy/m/n on input line 61.
LaTeX Font Info:    ... okay on input line 61.
LaTeX Font Info:    Checking defaults for OMX/cmex/m/n on input line 61.
LaTeX Font Info:    ... okay on input line 61.
LaTeX Font Info:    Checking defaults for U/cmr/m/n on input line 61.
LaTeX Font Info:    ... okay on input line 61.
LaTeX Font Info:    Try loading font information for U+msa on input line 61.
 (/usr/local/teTeX/share/texmf/tex/latex/amsfonts/umsa.fd
File: umsa.fd 2002/01/19 v2.2g AMS font definitions
)
LaTeX Font Info:    Try loading font information for U+msb on input line 61.
 (/usr/local/teTeX/share/texmf/tex/latex/amsfonts/umsb.fd
File: umsb.fd 2002/01/19 v2.2g AMS font definitions
) [1{/usr/local/teTeX/share/texmf/dvips/config/pdftex.map}{/usr/local/teTeX/sha
re/texmf.os/dvips/config/Ttbbold.map}{/usr/local/teTeX/share/texmf.os/dvips/con
fig/wolfram.map}]
Overfull \hbox (4.195pt too wide) in paragraph at lines 189--193
[]/cmr10/The Mordell-Lang con-jec-ture grew out of these con-sid-er-a-tions, bu
t gives a stronger
 []

[2] [3]
LaTeX Font Info:    Try loading font information for U+euf on input line 337.
 (/usr/local/teTeX/share/texmf/tex/latex/amsfonts/ueuf.fd
File: ueuf.fd 2002/01/19 v2.2g AMS font definitions
) [4] [5]
[6] [7]
Overfull \hbox (1.29967pt too wide) in paragraph at lines 591--600
[] /cmsy10/^^N []$ /cmr10/via the con-tin-u-ous map of $/cmmi10/R$/cmr10/-algeb
ras $/cmmi10/R/cmr10/[[/cmmi10/^^Q[]; [] ; ^^Q[]/cmr10/]] /cmsy10/! /cmmi10/R/c
mr10/[[/cmmi10/^^O[]; [] ; ^^O[]/cmr10/; /cmmi10/^^N[]; [] ; ^^N[]/cmr10/]]$
 []


Overfull \hbox (10.85593pt too wide) in paragraph at lines 656--667
[]/cmr10/Associated to any it-er-a-tive $/cmsy10/D$/cmr10/-ring $(/cmmi10/R; D/
cmr10/)$ we have a $/cmsy10/D$/cmr10/-ring $/cmmi10/R/cmsy10/h/cmmi10/X/cmsy10/
i[]$ /cmr10/of $/cmsy10/D$/cmr10/-polynomials
 []

[8] [9] [10] [11]
Overfull \hbox (2.47293pt too wide) in paragraph at lines 882--885
/cmr10/ver-sion of Propo-si-tion 3.17[] which it-self im-plies au-to-matic uni-
for-mity in such Mordell-
 []

[12] [13] [14] [15] [16] [17] (./03ScanlonNotes.aux) ) 
Here is how much of TeX's memory you used:
 1695 strings out of 60917
 17994 string characters out of 1188883
 4062378 words of memory out of 6517735
 4547 multiletter control sequences out of 10000+50000
 12644 words of font info for 49 fonts, out of 500000 for 1000
 215 hyphenation exceptions out of 1000
 34i,17n,32p,287b,420s stack positions out of 1500i,500n,5000p,200000b,5000s
 129 PDF objects out of 300000
 0 named destinations out of 131072
 0 words of extra memory for PDF output out of 65536
</usr/local/teTeX/share/t
exmf/fonts/type1/bluesky/cm/cmtt8.pfb></usr/local/teTeX/share/texmf/fonts/type1
/bluesky/cm/cmmi8.pfb></usr/local/teTeX/share/texmf/fonts/type1/bluesky/cm/cmti
8.pfb></usr/local/teTeX/share/texmf/fonts/type1/bluesky/cm/cmbx8.pfb></usr/loca
l/teTeX/share/texmf/fonts/type1/bluesky/symbols/msam10.pfb></usr/local/teTeX/sh
are/texmf/fonts/type1/public/tt2001/fmex7.pfb></usr/local/teTeX/share/texmf/fon
ts/type1/bluesky/cm/cmr5.pfb></usr/local/teTeX/share/texmf/fonts/type1/bluesky/
euler/eufm7.pfb></usr/local/teTeX/share/texmf/fonts/type1/bluesky/cm/cmbx7.pfb>
</usr/local/teTeX/share/texmf/fonts/type1/bluesky/cm/cmsy5.pfb></usr/local/teTe
X/share/texmf/fonts/type1/bluesky/euler/eufm10.pfb></usr/local/teTeX/share/texm
f/fonts/type1/bluesky/cm/cmmi5.pfb></usr/local/teTeX/share/texmf/fonts/type1/bl
uesky/cm/cmex10.pfb></usr/local/teTeX/share/texmf/fonts/type1/bluesky/symbols/m
sbm7.pfb></usr/local/teTeX/share/texmf/fonts/type1/bluesky/cm/cmsy7.pfb></usr/l
ocal/teTeX/share/texmf/fonts/type1/bluesky/cm/cmr7.pfb></usr/local/teTeX/share/
texmf/fonts/type1/bluesky/cm/cmmi10.pfb></usr/local/teTeX/share/texmf/fonts/typ
e1/bluesky/cm/cmsy10.pfb></usr/local/teTeX/share/texmf/fonts/type1/bluesky/cm/c
mmi7.pfb></usr/local/teTeX/share/texmf/fonts/type1/bluesky/symbols/msbm10.pfb><
/usr/local/teTeX/share/texmf/fonts/type1/bluesky/cm/cmti10.pfb></usr/local/teTe
X/share/texmf/fonts/type1/bluesky/cm/cmr10.pfb></usr/local/teTeX/share/texmf/fo
nts/type1/bluesky/cm/cmcsc10.pfb></usr/local/teTeX/share/texmf/fonts/type1/blue
sky/cm/cmr8.pfb></usr/local/teTeX/share/texmf/fonts/type1/bluesky/cm/cmbx10.pfb
>
Output written on 03ScanlonNotes.pdf (17 pages, 273845 bytes).
