This is pdfTeX, Version 3.14159-1.00b-pretest-20020211 (Web2C 7.3.7x) (format=pdflatex 2002.11.3)  25 MAR 2003 16:48
**DLSSw-Dyer2.tex
(./DLSSw-Dyer2.tex{/usr/local/teTeX/share/texmf.local/pdftex/config/pdftex.cfg}
LaTeX2e <2001/06/01>
Babel <v3.7h> and hyphenation patterns for american, french, german, ngerman, d
utch, nohyphenation, loaded.
(/usr/local/teTeX/share/texmf/tex/latex/base/article.cls
Document Class: article 2001/04/21 v1.4e Standard LaTeX document class
(/usr/local/teTeX/share/texmf/tex/latex/base/size12.clo
File: size12.clo 2001/04/21 v1.4e Standard LaTeX file (size option)
)
\c@part=\count79
\c@section=\count80
\c@subsection=\count81
\c@subsubsection=\count82
\c@paragraph=\count83
\c@subparagraph=\count84
\c@figure=\count85
\c@table=\count86
\abovecaptionskip=\skip41
\belowcaptionskip=\skip42
\bibindent=\dimen102
)
(/usr/local/teTeX/share/texmf/tex/latex/amsfonts/amssymb.sty
Package: amssymb 2002/01/22 v2.2d

(/usr/local/teTeX/share/texmf/tex/latex/amsfonts/amsfonts.sty
Package: amsfonts 2001/10/25 v2.2f
\@emptytoks=\toks14
\symAMSa=\mathgroup4
\symAMSb=\mathgroup5
LaTeX Font Info:    Overwriting math alphabet `\mathfrak' in version `bold'
(Font)                  U/euf/m/n --> U/euf/b/n on input line 132.
))
(/usr/local/teTeX/share/texmf/tex/latex/amsmath/amsmath.sty
Package: amsmath 2000/07/18 v2.13 AMS math features
\@mathmargin=\skip43

For additional information on amsmath, use the `?' option.
(/usr/local/teTeX/share/texmf/tex/latex/amsmath/amstext.sty
Package: amstext 2000/06/29 v2.01

(/usr/local/teTeX/share/texmf/tex/latex/amsmath/amsgen.sty
File: amsgen.sty 1999/11/30 v2.0
\@emptytoks=\toks15
\ex@=\dimen103
))
(/usr/local/teTeX/share/texmf/tex/latex/amsmath/amsbsy.sty
Package: amsbsy 1999/11/29 v1.2d
\pmbraise@=\dimen104
)
(/usr/local/teTeX/share/texmf/tex/latex/amsmath/amsopn.sty
Package: amsopn 1999/12/14 v2.01 operator names
)
\inf@bad=\count87
LaTeX Info: Redefining \frac on input line 211.
\uproot@=\count88
\leftroot@=\count89
LaTeX Info: Redefining \overline on input line 307.
\classnum@=\count90
\DOTSCASE@=\count91
LaTeX Info: Redefining \ldots on input line 379.
LaTeX Info: Redefining \dots on input line 382.
LaTeX Info: Redefining \cdots on input line 467.
\Mathstrutbox@=\box26
\strutbox@=\box27
\big@size=\dimen105
LaTeX Font Info:    Redeclaring font encoding OML on input line 567.
LaTeX Font Info:    Redeclaring font encoding OMS on input line 568.
\macc@depth=\count92
\c@MaxMatrixCols=\count93
\dotsspace@=\muskip10
\c@parentequation=\count94
\dspbrk@lvl=\count95
\tag@help=\toks16
\row@=\count96
\column@=\count97
\maxfields@=\count98
\andhelp@=\toks17
\eqnshift@=\dimen106
\alignsep@=\dimen107
\tagshift@=\dimen108
\tagwidth@=\dimen109
\totwidth@=\dimen110
\lineht@=\dimen111
\@envbody=\toks18
\multlinegap=\skip44
\multlinetaggap=\skip45
\mathdisplay@stack=\toks19
LaTeX Info: Redefining \[ on input line 2666.
LaTeX Info: Redefining \] on input line 2667.
)
(/usr/local/teTeX/share/texmf/tex/latex/amsmath/amscd.sty
Package: amscd 1999/11/29 v2.0
\athelp@=\toks20
\minaw@=\dimen112
\bigaw@=\dimen113
\minCDarrowwidth=\dimen114
)
\c@theorem=\count99
\c@lemma=\count100
\c@question=\count101
\c@Cor=\count102
 (./DLSSw-Dyer2.aux)
\openout1 = `DLSSw-Dyer2.aux'.

LaTeX Font Info:    Checking defaults for OML/cmm/m/it on input line 81.
LaTeX Font Info:    ... okay on input line 81.
LaTeX Font Info:    Checking defaults for T1/cmr/m/n on input line 81.
LaTeX Font Info:    ... okay on input line 81.
LaTeX Font Info:    Checking defaults for OT1/cmr/m/n on input line 81.
LaTeX Font Info:    ... okay on input line 81.
LaTeX Font Info:    Checking defaults for OMS/cmsy/m/n on input line 81.
LaTeX Font Info:    ... okay on input line 81.
LaTeX Font Info:    Checking defaults for OMX/cmex/m/n on input line 81.
LaTeX Font Info:    ... okay on input line 81.
LaTeX Font Info:    Checking defaults for U/cmr/m/n on input line 81.
LaTeX Font Info:    ... okay on input line 81.
LaTeX Font Info:    Try loading font information for U+msa on input line 93.

(/usr/local/teTeX/share/texmf/tex/latex/amsfonts/umsa.fd
File: umsa.fd 2002/01/19 v2.2g AMS font definitions
)
LaTeX Font Info:    Try loading font information for U+msb on input line 93.

(/usr/local/teTeX/share/texmf/tex/latex/amsfonts/umsb.fd
File: umsb.fd 2002/01/19 v2.2g AMS font definitions
)
LaTeX Font Info:    Try loading font information for U+euf on input line 95.

(/usr/local/teTeX/share/texmf/tex/latex/amsfonts/ueuf.fd
File: ueuf.fd 2002/01/19 v2.2g AMS font definitions
)
LaTeX Font Info:    Try loading font information for OMS+cmr on input line 114.


(/usr/local/teTeX/share/texmf/tex/latex/base/omscmr.fd
File: omscmr.fd 1999/05/25 v2.5h Standard LaTeX font definitions
)
LaTeX Font Info:    Font shape `OMS/cmr/m/n' in size <12> not available
(Font)              Font shape `OMS/cmsy/m/n' tried instead on input line 114.
 [1

{/usr/local/teTeX/share/texmf/dvips/config/pdftex.map}{/usr/local/teTeX/share/t
exmf.os/dvips/config/Ttbbold.map}{/usr/local/teTeX/share/texmf.os/dvips/config/
wolfram.map}]
[2] [3] [4]
LaTeX Font Info:    Font shape `OMS/cmr/m/it' in size <12> not available
(Font)              Font shape `OMS/cmsy/m/n' tried instead on input line 309.
 [5] [6] [7] [8] [9] [10] [11] [12] [13] [14] [15] [16] [17]
[18] [19] [20] [21] [22] [23] [24] [25] [26] [27] [28] [29] [30] [31]
Overfull \hbox (0.48705pt too wide) in paragraph at lines 1505--1511
[]/cmti12/Let $/cmmi12/V$ /cmti12/be a fi-nite di-men-sional vec-tor space over
 a field $/cmmi12/k$/cmti12/, equipped
 []

[32] [33] [34] [35] [36] [37] [38] [39] [40] [41] [42] [43] [44] [45] [46]
[47] [48] [49]
Overfull \hbox (37.08699pt too wide) detected at line 2455
/cmmi12/H[] /cmr12/= []
 []

[50] [51] [52] [53] [54] [55] [56] [57] [58] [59] [60] [61]

! Package amsmath Error: Erroneous nesting of equation structures;
(amsmath)                trying to recover with `aligned'.

See the amsmath package documentation for explanation.
Type  H <return>  for immediate help.
 ...                                              
                                                  
l.3063 \end{align*} \]}
                        \end{quote}
? 
[62] [63] [64]
Underfull \hbox (badness 10000) in paragraph at lines 3163--3164

 []

[65] [66] [67] [68] [69] [70] [71] [72]
Underfull \hbox (badness 10000) in paragraph at lines 3518--3527

 []

[73] [74] [75] [76] [77] [78] [79] [80] [81] [82] [83] [84] (./DLSSw-Dyer2.aux)
 ) 
Here is how much of TeX's memory you used:
 1402 strings out of 60917
 14452 string characters out of 1188883
 4057862 words of memory out of 6513219
 4413 multiletter control sequences out of 10000+50000
 12883 words of font info for 48 fonts, out of 500000 for 1000
 54 hyphenation exceptions out of 1000
 27i,17n,24p,225b,326s stack positions out of 1500i,500n,5000p,200000b,5000s
 317 PDF objects out of 300000
 0 named destinations out of 131072
 0 words of extra memory for PDF output out of 65536
</usr/local/teTeX/share/texmf/fonts/type1/bluesky/cm/cmsy6.pfb></usr/local/te
TeX/share/texmf/fonts/type1/bluesky/cm/cmr6.pfb></usr/local/teTeX/share/texmf/f
onts/type1/bluesky/cm/cmmi6.pfb></usr/local/teTeX/share/texmf/fonts/type1/blues
ky/cm/cmbx8.pfb></usr/local/teTeX/share/texmf/fonts/type1/bluesky/cm/cmsy8.pfb>
</usr/local/teTeX/share/texmf/fonts/type1/bluesky/euler/eufm7.pfb></usr/local/t
eTeX/share/texmf/fonts/type1/bluesky/cm/cmex10.pfb></usr/local/teTeX/share/texm
f/fonts/type1/bluesky/symbols/msam10.pfb></usr/local/teTeX/share/texmf/fonts/ty
pe1/bluesky/cm/cmmi8.pfb></usr/local/teTeX/share/texmf/fonts/type1/bluesky/cm/c
msy10.pfb></usr/local/teTeX/share/texmf/fonts/type1/bluesky/cyrillic/wncyr10.pf
b></usr/local/teTeX/share/texmf/fonts/type1/bluesky/euler/eufm10.pfb></usr/loca
l/teTeX/share/texmf/fonts/type1/bluesky/cm/cmr8.pfb></usr/local/teTeX/share/tex
mf/fonts/type1/bluesky/cm/cmmi12.pfb></usr/local/teTeX/share/texmf/fonts/type1/
bluesky/cm/cmti12.pfb></usr/local/teTeX/share/texmf/fonts/type1/bluesky/cm/cmr1
2.pfb></usr/local/teTeX/share/texmf/fonts/type1/bluesky/cm/cmbx12.pfb>
Output written on DLSSw-Dyer2.pdf (84 pages, 425368 bytes).
